{"/Users/michael/rithm/projects/yardHopper/yardHoppers-backend/config.js": {"path":"/Users/michael/rithm/projects/yardHopper/yardHoppers-backend/config.js","statementMap":{"0":{"start":{"line":3,"column":0},"end":{"line":3,"column":27}},"1":{"start":{"line":5,"column":19},"end":{"line":5,"column":57}},"2":{"start":{"line":6,"column":13},"end":{"line":6,"column":38}},"3":{"start":{"line":9,"column":2},"end":{"line":11,"column":63}},"4":{"start":{"line":16,"column":27},"end":{"line":16,"column":67}},"5":{"start":{"line":17,"column":0},"end":{"line":17,"column":45}},"6":{"start":{"line":18,"column":0},"end":{"line":18,"column":61}},"7":{"start":{"line":19,"column":0},"end":{"line":19,"column":50}},"8":{"start":{"line":20,"column":0},"end":{"line":20,"column":19}},"9":{"start":{"line":22,"column":0},"end":{"line":27,"column":2}}},"fnMap":{"0":{"name":"getDatabaseUri","decl":{"start":{"line":8,"column":9},"end":{"line":8,"column":23}},"loc":{"start":{"line":8,"column":26},"end":{"line":12,"column":1}},"line":8}},"branchMap":{"0":{"loc":{"start":{"line":5,"column":19},"end":{"line":5,"column":57}},"type":"binary-expr","locations":[{"start":{"line":5,"column":19},"end":{"line":5,"column":41}},{"start":{"line":5,"column":45},"end":{"line":5,"column":57}}],"line":5},"1":{"loc":{"start":{"line":6,"column":13},"end":{"line":6,"column":38}},"type":"binary-expr","locations":[{"start":{"line":6,"column":13},"end":{"line":6,"column":30}},{"start":{"line":6,"column":34},"end":{"line":6,"column":38}}],"line":6},"2":{"loc":{"start":{"line":9,"column":9},"end":{"line":11,"column":62}},"type":"cond-expr","locations":[{"start":{"line":10,"column":6},"end":{"line":10,"column":35}},{"start":{"line":11,"column":6},"end":{"line":11,"column":62}}],"line":9},"3":{"loc":{"start":{"line":11,"column":6},"end":{"line":11,"column":62}},"type":"binary-expr","locations":[{"start":{"line":11,"column":6},"end":{"line":11,"column":30}},{"start":{"line":11,"column":34},"end":{"line":11,"column":62}}],"line":11},"4":{"loc":{"start":{"line":16,"column":27},"end":{"line":16,"column":67}},"type":"cond-expr","locations":[{"start":{"line":16,"column":61},"end":{"line":16,"column":62}},{"start":{"line":16,"column":65},"end":{"line":16,"column":67}}],"line":16}},"s":{"0":2,"1":2,"2":2,"3":3,"4":2,"5":2,"6":2,"7":2,"8":2,"9":2},"f":{"0":3},"b":{"0":[2,0],"1":[2,2],"2":[3,0],"3":[0,0],"4":[2,0]},"_coverageSchema":"1a1c01bbd47fc00a2c39e90264f33305004495a9","hash":"b4f24977e3812b93717bf0e1b74e896a7d26ab2d"}
,"/Users/michael/rithm/projects/yardHopper/yardHoppers-backend/db.js": {"path":"/Users/michael/rithm/projects/yardHopper/yardHoppers-backend/db.js","statementMap":{"0":{"start":{"line":5,"column":19},"end":{"line":5,"column":32}},"1":{"start":{"line":6,"column":27},"end":{"line":6,"column":46}},"2":{"start":{"line":8,"column":11},"end":{"line":10,"column":2}},"3":{"start":{"line":12,"column":0},"end":{"line":12,"column":13}},"4":{"start":{"line":14,"column":0},"end":{"line":14,"column":20}}},"fnMap":{},"branchMap":{},"s":{"0":1,"1":1,"2":1,"3":1,"4":1},"f":{},"b":{},"_coverageSchema":"1a1c01bbd47fc00a2c39e90264f33305004495a9","hash":"0b2917f760cafab4a00bcfc7ff2114fed0dd34fa"}
,"/Users/michael/rithm/projects/yardHopper/yardHoppers-backend/expressError.js": {"path":"/Users/michael/rithm/projects/yardHopper/yardHoppers-backend/expressError.js","statementMap":{"0":{"start":{"line":11,"column":4},"end":{"line":11,"column":12}},"1":{"start":{"line":12,"column":4},"end":{"line":12,"column":27}},"2":{"start":{"line":13,"column":4},"end":{"line":13,"column":25}},"3":{"start":{"line":21,"column":4},"end":{"line":21,"column":24}},"4":{"start":{"line":29,"column":4},"end":{"line":29,"column":24}},"5":{"start":{"line":37,"column":4},"end":{"line":37,"column":24}},"6":{"start":{"line":45,"column":4},"end":{"line":45,"column":24}},"7":{"start":{"line":49,"column":0},"end":{"line":55,"column":2}}},"fnMap":{"0":{"name":"(anonymous_0)","decl":{"start":{"line":10,"column":2},"end":{"line":10,"column":3}},"loc":{"start":{"line":10,"column":31},"end":{"line":14,"column":3}},"line":10},"1":{"name":"(anonymous_1)","decl":{"start":{"line":20,"column":2},"end":{"line":20,"column":3}},"loc":{"start":{"line":20,"column":37},"end":{"line":22,"column":3}},"line":20},"2":{"name":"(anonymous_2)","decl":{"start":{"line":28,"column":2},"end":{"line":28,"column":3}},"loc":{"start":{"line":28,"column":40},"end":{"line":30,"column":3}},"line":28},"3":{"name":"(anonymous_3)","decl":{"start":{"line":36,"column":2},"end":{"line":36,"column":3}},"loc":{"start":{"line":36,"column":39},"end":{"line":38,"column":3}},"line":36},"4":{"name":"(anonymous_4)","decl":{"start":{"line":44,"column":2},"end":{"line":44,"column":3}},"loc":{"start":{"line":44,"column":39},"end":{"line":46,"column":3}},"line":44}},"branchMap":{"0":{"loc":{"start":{"line":20,"column":14},"end":{"line":20,"column":35}},"type":"default-arg","locations":[{"start":{"line":20,"column":24},"end":{"line":20,"column":35}}],"line":20},"1":{"loc":{"start":{"line":28,"column":14},"end":{"line":28,"column":38}},"type":"default-arg","locations":[{"start":{"line":28,"column":24},"end":{"line":28,"column":38}}],"line":28},"2":{"loc":{"start":{"line":36,"column":14},"end":{"line":36,"column":37}},"type":"default-arg","locations":[{"start":{"line":36,"column":24},"end":{"line":36,"column":37}}],"line":36},"3":{"loc":{"start":{"line":44,"column":14},"end":{"line":44,"column":37}},"type":"default-arg","locations":[{"start":{"line":44,"column":24},"end":{"line":44,"column":37}}],"line":44}},"s":{"0":5,"1":5,"2":5,"3":0,"4":5,"5":0,"6":0,"7":2},"f":{"0":5,"1":0,"2":5,"3":0,"4":0},"b":{"0":[0],"1":[5],"2":[0],"3":[0]},"_coverageSchema":"1a1c01bbd47fc00a2c39e90264f33305004495a9","hash":"451ea9ca214c9573efac4d9175c24d22706be259"}
,"/Users/michael/rithm/projects/yardHopper/yardHoppers-backend/helpers/sql.js": {"path":"/Users/michael/rithm/projects/yardHopper/yardHoppers-backend/helpers/sql.js","statementMap":{"0":{"start":{"line":3,"column":28},"end":{"line":3,"column":54}},"1":{"start":{"line":24,"column":15},"end":{"line":24,"column":40}},"2":{"start":{"line":25,"column":2},"end":{"line":25,"column":62}},"3":{"start":{"line":25,"column":25},"end":{"line":25,"column":62}},"4":{"start":{"line":27,"column":15},"end":{"line":29,"column":3}},"5":{"start":{"line":28,"column":4},"end":{"line":28,"column":50}},"6":{"start":{"line":31,"column":2},"end":{"line":34,"column":4}},"7":{"start":{"line":38,"column":13},"end":{"line":38,"column":34}},"8":{"start":{"line":39,"column":2},"end":{"line":41,"column":3}},"9":{"start":{"line":40,"column":4},"end":{"line":40,"column":49}},"10":{"start":{"line":43,"column":2},"end":{"line":45,"column":3}},"11":{"start":{"line":44,"column":4},"end":{"line":44,"column":66}},"12":{"start":{"line":46,"column":2},"end":{"line":48,"column":3}},"13":{"start":{"line":47,"column":4},"end":{"line":47,"column":52}},"14":{"start":{"line":49,"column":2},"end":{"line":51,"column":3}},"15":{"start":{"line":50,"column":4},"end":{"line":50,"column":54}},"16":{"start":{"line":54,"column":21},"end":{"line":56,"column":3}},"17":{"start":{"line":55,"column":22},"end":{"line":55,"column":72}},"18":{"start":{"line":57,"column":2},"end":{"line":57,"column":39}},"19":{"start":{"line":58,"column":0},"end":{"line":58,"column":56}},"20":{"start":{"line":59,"column":2},"end":{"line":62,"column":4}},"21":{"start":{"line":65,"column":0},"end":{"line":65,"column":57}}},"fnMap":{"0":{"name":"sqlForPartialUpdate","decl":{"start":{"line":23,"column":9},"end":{"line":23,"column":28}},"loc":{"start":{"line":23,"column":52},"end":{"line":35,"column":1}},"line":23},"1":{"name":"(anonymous_1)","decl":{"start":{"line":27,"column":24},"end":{"line":27,"column":25}},"loc":{"start":{"line":28,"column":4},"end":{"line":28,"column":50}},"line":28},"2":{"name":"sqlWhereClause","decl":{"start":{"line":37,"column":9},"end":{"line":37,"column":23}},"loc":{"start":{"line":37,"column":43},"end":{"line":63,"column":1}},"line":37},"3":{"name":"(anonymous_3)","decl":{"start":{"line":55,"column":4},"end":{"line":55,"column":5}},"loc":{"start":{"line":55,"column":22},"end":{"line":55,"column":72}},"line":55}},"branchMap":{"0":{"loc":{"start":{"line":25,"column":2},"end":{"line":25,"column":62}},"type":"if","locations":[{"start":{"line":25,"column":2},"end":{"line":25,"column":62}},{"start":{},"end":{}}],"line":25},"1":{"loc":{"start":{"line":28,"column":8},"end":{"line":28,"column":35}},"type":"binary-expr","locations":[{"start":{"line":28,"column":8},"end":{"line":28,"column":24}},{"start":{"line":28,"column":28},"end":{"line":28,"column":35}}],"line":28},"2":{"loc":{"start":{"line":39,"column":2},"end":{"line":41,"column":3}},"type":"if","locations":[{"start":{"line":39,"column":2},"end":{"line":41,"column":3}},{"start":{},"end":{}}],"line":39},"3":{"loc":{"start":{"line":43,"column":2},"end":{"line":45,"column":3}},"type":"if","locations":[{"start":{"line":43,"column":2},"end":{"line":45,"column":3}},{"start":{},"end":{}}],"line":43},"4":{"loc":{"start":{"line":46,"column":2},"end":{"line":48,"column":3}},"type":"if","locations":[{"start":{"line":46,"column":2},"end":{"line":48,"column":3}},{"start":{},"end":{}}],"line":46},"5":{"loc":{"start":{"line":49,"column":2},"end":{"line":51,"column":3}},"type":"if","locations":[{"start":{"line":49,"column":2},"end":{"line":51,"column":3}},{"start":{},"end":{}}],"line":49},"6":{"loc":{"start":{"line":55,"column":25},"end":{"line":55,"column":52}},"type":"binary-expr","locations":[{"start":{"line":55,"column":25},"end":{"line":55,"column":41}},{"start":{"line":55,"column":45},"end":{"line":55,"column":52}}],"line":55}},"s":{"0":2,"1":2,"2":2,"3":0,"4":2,"5":3,"6":2,"7":0,"8":0,"9":0,"10":0,"11":0,"12":0,"13":0,"14":0,"15":0,"16":0,"17":0,"18":0,"19":0,"20":0,"21":2},"f":{"0":2,"1":3,"2":0,"3":0},"b":{"0":[0,2],"1":[3,1],"2":[0,0],"3":[0,0],"4":[0,0],"5":[0,0],"6":[0,0]},"_coverageSchema":"1a1c01bbd47fc00a2c39e90264f33305004495a9","hash":"c897225c5094f98cc32ff9d647eb469b03fac376"}
,"/Users/michael/rithm/projects/yardHopper/yardHoppers-backend/helpers/tokens.js": {"path":"/Users/michael/rithm/projects/yardHopper/yardHoppers-backend/helpers/tokens.js","statementMap":{"0":{"start":{"line":3,"column":12},"end":{"line":3,"column":35}},"1":{"start":{"line":4,"column":23},"end":{"line":4,"column":43}},"2":{"start":{"line":10,"column":16},"end":{"line":12,"column":3}},"3":{"start":{"line":14,"column":2},"end":{"line":14,"column":39}},"4":{"start":{"line":17,"column":0},"end":{"line":17,"column":33}}},"fnMap":{"0":{"name":"createToken","decl":{"start":{"line":8,"column":9},"end":{"line":8,"column":20}},"loc":{"start":{"line":8,"column":27},"end":{"line":15,"column":1}},"line":8}},"branchMap":{},"s":{"0":1,"1":1,"2":3,"3":3,"4":1},"f":{"0":3},"b":{},"_coverageSchema":"1a1c01bbd47fc00a2c39e90264f33305004495a9","hash":"96ff2eeb241df959c8f1f85246b839b4b2a945d8"}
,"/Users/michael/rithm/projects/yardHopper/yardHoppers-backend/middleware/auth.js": {"path":"/Users/michael/rithm/projects/yardHopper/yardHoppers-backend/middleware/auth.js","statementMap":{"0":{"start":{"line":5,"column":12},"end":{"line":5,"column":35}},"1":{"start":{"line":6,"column":23},"end":{"line":6,"column":43}},"2":{"start":{"line":7,"column":30},"end":{"line":7,"column":56}},"3":{"start":{"line":8,"column":16},"end":{"line":8,"column":44}},"4":{"start":{"line":20,"column":21},"end":{"line":20,"column":47}},"5":{"start":{"line":21,"column":2},"end":{"line":29,"column":3}},"6":{"start":{"line":22,"column":18},"end":{"line":22,"column":62}},"7":{"start":{"line":24,"column":4},"end":{"line":28,"column":5}},"8":{"start":{"line":25,"column":6},"end":{"line":25,"column":54}},"9":{"start":{"line":30,"column":2},"end":{"line":30,"column":16}},"10":{"start":{"line":40,"column":2},"end":{"line":40,"column":47}},"11":{"start":{"line":40,"column":33},"end":{"line":40,"column":47}},"12":{"start":{"line":41,"column":2},"end":{"line":41,"column":32}},"13":{"start":{"line":51,"column":2},"end":{"line":53,"column":3}},"14":{"start":{"line":52,"column":4},"end":{"line":52,"column":18}},"15":{"start":{"line":54,"column":2},"end":{"line":54,"column":32}},"16":{"start":{"line":66,"column":15},"end":{"line":66,"column":30}},"17":{"start":{"line":67,"column":19},"end":{"line":67,"column":44}},"18":{"start":{"line":69,"column":2},"end":{"line":80,"column":3}},"19":{"start":{"line":70,"column":20},"end":{"line":70,"column":66}},"20":{"start":{"line":72,"column":4},"end":{"line":74,"column":5}},"21":{"start":{"line":73,"column":6},"end":{"line":73,"column":20}},"22":{"start":{"line":76,"column":4},"end":{"line":76,"column":34}},"23":{"start":{"line":79,"column":4},"end":{"line":79,"column":21}},"24":{"start":{"line":84,"column":0},"end":{"line":89,"column":2}}},"fnMap":{"0":{"name":"authenticateJWT","decl":{"start":{"line":19,"column":9},"end":{"line":19,"column":24}},"loc":{"start":{"line":19,"column":41},"end":{"line":32,"column":1}},"line":19},"1":{"name":"ensureLoggedIn","decl":{"start":{"line":39,"column":9},"end":{"line":39,"column":23}},"loc":{"start":{"line":39,"column":40},"end":{"line":42,"column":1}},"line":39},"2":{"name":"ensureAdmin","decl":{"start":{"line":50,"column":9},"end":{"line":50,"column":20}},"loc":{"start":{"line":50,"column":37},"end":{"line":56,"column":1}},"line":50},"3":{"name":"ensureCorrectUserOrAdmin","decl":{"start":{"line":65,"column":15},"end":{"line":65,"column":39}},"loc":{"start":{"line":65,"column":57},"end":{"line":81,"column":1}},"line":65}},"branchMap":{"0":{"loc":{"start":{"line":21,"column":2},"end":{"line":29,"column":3}},"type":"if","locations":[{"start":{"line":21,"column":2},"end":{"line":29,"column":3}},{"start":{},"end":{}}],"line":21},"1":{"loc":{"start":{"line":40,"column":2},"end":{"line":40,"column":47}},"type":"if","locations":[{"start":{"line":40,"column":2},"end":{"line":40,"column":47}},{"start":{},"end":{}}],"line":40},"2":{"loc":{"start":{"line":51,"column":2},"end":{"line":53,"column":3}},"type":"if","locations":[{"start":{"line":51,"column":2},"end":{"line":53,"column":3}},{"start":{},"end":{}}],"line":51},"3":{"loc":{"start":{"line":51,"column":6},"end":{"line":51,"column":68}},"type":"binary-expr","locations":[{"start":{"line":51,"column":6},"end":{"line":51,"column":31}},{"start":{"line":51,"column":35},"end":{"line":51,"column":68}}],"line":51},"4":{"loc":{"start":{"line":72,"column":4},"end":{"line":74,"column":5}},"type":"if","locations":[{"start":{"line":72,"column":4},"end":{"line":74,"column":5}},{"start":{},"end":{}}],"line":72},"5":{"loc":{"start":{"line":72,"column":8},"end":{"line":72,"column":57}},"type":"binary-expr","locations":[{"start":{"line":72,"column":8},"end":{"line":72,"column":16}},{"start":{"line":72,"column":22},"end":{"line":72,"column":55}}],"line":72}},"s":{"0":1,"1":1,"2":1,"3":1,"4":3,"5":3,"6":2,"7":2,"8":2,"9":3,"10":3,"11":1,"12":2,"13":4,"14":1,"15":3,"16":5,"17":5,"18":5,"19":5,"20":0,"21":0,"22":0,"23":0,"24":1},"f":{"0":3,"1":3,"2":4,"3":5},"b":{"0":[2,1],"1":[1,2],"2":[1,3],"3":[4,3],"4":[0,0],"5":[0,0]},"_coverageSchema":"1a1c01bbd47fc00a2c39e90264f33305004495a9","hash":"fd05509e8d1273172c4d552cfa692177b66435f1"}
,"/Users/michael/rithm/projects/yardHopper/yardHoppers-backend/models/listing.js": {"path":"/Users/michael/rithm/projects/yardHopper/yardHoppers-backend/models/listing.js","statementMap":{"0":{"start":{"line":3,"column":11},"end":{"line":3,"column":27}},"1":{"start":{"line":4,"column":43},"end":{"line":4,"column":69}},"2":{"start":{"line":5,"column":48},"end":{"line":5,"column":73}},"3":{"start":{"line":48,"column":27},"end":{"line":54,"column":5}},"4":{"start":{"line":56,"column":4},"end":{"line":59,"column":8}},"5":{"start":{"line":57,"column":6},"end":{"line":59,"column":8}},"6":{"start":{"line":61,"column":19},"end":{"line":84,"column":5}},"7":{"start":{"line":85,"column":20},"end":{"line":85,"column":34}},"8":{"start":{"line":87,"column":4},"end":{"line":87,"column":19}},"9":{"start":{"line":113,"column":42},"end":{"line":117,"column":6}},"10":{"start":{"line":118,"column":4},"end":{"line":118,"column":72}},"11":{"start":{"line":120,"column":24},"end":{"line":135,"column":5}},"12":{"start":{"line":137,"column":4},"end":{"line":137,"column":28}},"13":{"start":{"line":157,"column":23},"end":{"line":172,"column":5}},"14":{"start":{"line":174,"column":20},"end":{"line":174,"column":38}},"15":{"start":{"line":176,"column":4},"end":{"line":176,"column":71}},"16":{"start":{"line":176,"column":18},"end":{"line":176,"column":71}},"17":{"start":{"line":178,"column":4},"end":{"line":178,"column":19}},"18":{"start":{"line":195,"column":23},"end":{"line":205,"column":5}},"19":{"start":{"line":207,"column":21},"end":{"line":207,"column":36}},"20":{"start":{"line":209,"column":4},"end":{"line":209,"column":74}},"21":{"start":{"line":209,"column":19},"end":{"line":209,"column":74}},"22":{"start":{"line":211,"column":4},"end":{"line":211,"column":20}},"23":{"start":{"line":239,"column":32},"end":{"line":243,"column":6}},"24":{"start":{"line":244,"column":28},"end":{"line":244,"column":53}},"25":{"start":{"line":246,"column":21},"end":{"line":256,"column":30}},"26":{"start":{"line":257,"column":19},"end":{"line":257,"column":67}},"27":{"start":{"line":258,"column":20},"end":{"line":258,"column":34}},"28":{"start":{"line":260,"column":4},"end":{"line":260,"column":70}},"29":{"start":{"line":260,"column":18},"end":{"line":260,"column":70}},"30":{"start":{"line":262,"column":4},"end":{"line":262,"column":19}},"31":{"start":{"line":271,"column":19},"end":{"line":278,"column":5}},"32":{"start":{"line":279,"column":20},"end":{"line":279,"column":34}},"33":{"start":{"line":281,"column":4},"end":{"line":281,"column":70}},"34":{"start":{"line":281,"column":18},"end":{"line":281,"column":70}},"35":{"start":{"line":314,"column":0},"end":{"line":314,"column":25}}},"fnMap":{"0":{"name":"(anonymous_0)","decl":{"start":{"line":37,"column":2},"end":{"line":37,"column":3}},"loc":{"start":{"line":47,"column":5},"end":{"line":88,"column":3}},"line":47},"1":{"name":"(anonymous_1)","decl":{"start":{"line":112,"column":2},"end":{"line":112,"column":3}},"loc":{"start":{"line":112,"column":36},"end":{"line":138,"column":3}},"line":112},"2":{"name":"(anonymous_2)","decl":{"start":{"line":156,"column":2},"end":{"line":156,"column":3}},"loc":{"start":{"line":156,"column":37},"end":{"line":179,"column":3}},"line":156},"3":{"name":"(anonymous_3)","decl":{"start":{"line":194,"column":2},"end":{"line":194,"column":3}},"loc":{"start":{"line":194,"column":29},"end":{"line":212,"column":3}},"line":194},"4":{"name":"(anonymous_4)","decl":{"start":{"line":238,"column":2},"end":{"line":238,"column":3}},"loc":{"start":{"line":238,"column":39},"end":{"line":263,"column":3}},"line":238},"5":{"name":"(anonymous_5)","decl":{"start":{"line":270,"column":2},"end":{"line":270,"column":3}},"loc":{"start":{"line":270,"column":34},"end":{"line":282,"column":3}},"line":270}},"branchMap":{"0":{"loc":{"start":{"line":56,"column":4},"end":{"line":59,"column":8}},"type":"if","locations":[{"start":{"line":56,"column":4},"end":{"line":59,"column":8}},{"start":{},"end":{}}],"line":56},"1":{"loc":{"start":{"line":112,"column":23},"end":{"line":112,"column":34}},"type":"default-arg","locations":[{"start":{"line":112,"column":32},"end":{"line":112,"column":34}}],"line":112},"2":{"loc":{"start":{"line":176,"column":4},"end":{"line":176,"column":71}},"type":"if","locations":[{"start":{"line":176,"column":4},"end":{"line":176,"column":71}},{"start":{},"end":{}}],"line":176},"3":{"loc":{"start":{"line":209,"column":4},"end":{"line":209,"column":74}},"type":"if","locations":[{"start":{"line":209,"column":4},"end":{"line":209,"column":74}},{"start":{},"end":{}}],"line":209},"4":{"loc":{"start":{"line":260,"column":4},"end":{"line":260,"column":70}},"type":"if","locations":[{"start":{"line":260,"column":4},"end":{"line":260,"column":70}},{"start":{},"end":{}}],"line":260},"5":{"loc":{"start":{"line":281,"column":4},"end":{"line":281,"column":70}},"type":"if","locations":[{"start":{"line":281,"column":4},"end":{"line":281,"column":70}},{"start":{},"end":{}}],"line":281}},"s":{"0":1,"1":1,"2":1,"3":0,"4":0,"5":0,"6":0,"7":0,"8":0,"9":0,"10":0,"11":0,"12":0,"13":5,"14":0,"15":0,"16":0,"17":0,"18":0,"19":0,"20":0,"21":0,"22":0,"23":0,"24":0,"25":0,"26":0,"27":0,"28":0,"29":0,"30":0,"31":0,"32":0,"33":0,"34":0,"35":1},"f":{"0":0,"1":0,"2":5,"3":0,"4":0,"5":0},"b":{"0":[0,0],"1":[0],"2":[0,0],"3":[0,0],"4":[0,0],"5":[0,0]},"_coverageSchema":"1a1c01bbd47fc00a2c39e90264f33305004495a9","hash":"1e8a7d040eae801f54631070e7290d1c55324967"}
}
