TN:
SF:config.js
FN:8,getDatabaseUri
FNF:1
FNH:1
FNDA:3,getDatabaseUri
DA:3,2
DA:5,2
DA:6,2
DA:9,3
DA:16,2
DA:17,2
DA:18,2
DA:19,2
DA:20,2
DA:22,2
LF:10
LH:10
BRDA:5,0,0,2
BRDA:5,0,1,0
BRDA:6,1,0,2
BRDA:6,1,1,2
BRDA:9,2,0,3
BRDA:9,2,1,0
BRDA:11,3,0,0
BRDA:11,3,1,0
BRDA:16,4,0,2
BRDA:16,4,1,0
BRF:10
BRH:5
end_of_record
TN:
SF:db.js
FNF:0
FNH:0
DA:5,1
DA:6,1
DA:8,1
DA:12,1
DA:14,1
LF:5
LH:5
BRF:0
BRH:0
end_of_record
TN:
SF:expressError.js
FN:10,(anonymous_0)
FN:20,(anonymous_1)
FN:28,(anonymous_2)
FN:36,(anonymous_3)
FN:44,(anonymous_4)
FNF:5
FNH:2
FNDA:5,(anonymous_0)
FNDA:0,(anonymous_1)
FNDA:5,(anonymous_2)
FNDA:0,(anonymous_3)
FNDA:0,(anonymous_4)
DA:11,5
DA:12,5
DA:13,5
DA:21,0
DA:29,5
DA:37,0
DA:45,0
DA:49,2
LF:8
LH:5
BRDA:20,0,0,0
BRDA:28,1,0,5
BRDA:36,2,0,0
BRDA:44,3,0,0
BRF:4
BRH:1
end_of_record
TN:
SF:helpers/sql.js
FN:23,sqlForPartialUpdate
FN:27,(anonymous_1)
FN:37,sqlWhereClause
FN:55,(anonymous_3)
FNF:4
FNH:2
FNDA:2,sqlForPartialUpdate
FNDA:3,(anonymous_1)
FNDA:0,sqlWhereClause
FNDA:0,(anonymous_3)
DA:3,2
DA:24,2
DA:25,2
DA:27,2
DA:28,3
DA:31,2
DA:38,0
DA:39,0
DA:40,0
DA:43,0
DA:44,0
DA:46,0
DA:47,0
DA:49,0
DA:50,0
DA:54,0
DA:55,0
DA:57,0
DA:58,0
DA:59,0
DA:65,2
LF:21
LH:7
BRDA:25,0,0,0
BRDA:25,0,1,2
BRDA:28,1,0,3
BRDA:28,1,1,1
BRDA:39,2,0,0
BRDA:39,2,1,0
BRDA:43,3,0,0
BRDA:43,3,1,0
BRDA:46,4,0,0
BRDA:46,4,1,0
BRDA:49,5,0,0
BRDA:49,5,1,0
BRDA:55,6,0,0
BRDA:55,6,1,0
BRF:14
BRH:3
end_of_record
TN:
SF:helpers/tokens.js
FN:8,createToken
FNF:1
FNH:1
FNDA:3,createToken
DA:3,1
DA:4,1
DA:10,3
DA:14,3
DA:17,1
LF:5
LH:5
BRF:0
BRH:0
end_of_record
TN:
SF:middleware/auth.js
FN:19,authenticateJWT
FN:39,ensureLoggedIn
FN:50,ensureAdmin
FN:65,ensureCorrectUserOrAdmin
FNF:4
FNH:4
FNDA:3,authenticateJWT
FNDA:3,ensureLoggedIn
FNDA:4,ensureAdmin
FNDA:5,ensureCorrectUserOrAdmin
DA:5,1
DA:6,1
DA:7,1
DA:8,1
DA:20,3
DA:21,3
DA:22,2
DA:24,2
DA:25,2
DA:30,3
DA:40,3
DA:41,2
DA:51,4
DA:52,1
DA:54,3
DA:66,5
DA:67,5
DA:69,5
DA:70,5
DA:72,0
DA:73,0
DA:76,0
DA:79,0
DA:84,1
LF:24
LH:20
BRDA:21,0,0,2
BRDA:21,0,1,1
BRDA:40,1,0,1
BRDA:40,1,1,2
BRDA:51,2,0,1
BRDA:51,2,1,3
BRDA:51,3,0,4
BRDA:51,3,1,3
BRDA:72,4,0,0
BRDA:72,4,1,0
BRDA:72,5,0,0
BRDA:72,5,1,0
BRF:12
BRH:8
end_of_record
TN:
SF:models/listing.js
FN:37,(anonymous_0)
FN:112,(anonymous_1)
FN:156,(anonymous_2)
FN:194,(anonymous_3)
FN:238,(anonymous_4)
FN:270,(anonymous_5)
FNF:6
FNH:1
FNDA:0,(anonymous_0)
FNDA:0,(anonymous_1)
FNDA:5,(anonymous_2)
FNDA:0,(anonymous_3)
FNDA:0,(anonymous_4)
FNDA:0,(anonymous_5)
DA:3,1
DA:4,1
DA:5,1
DA:48,0
DA:56,0
DA:57,0
DA:61,0
DA:85,0
DA:87,0
DA:113,0
DA:118,0
DA:120,0
DA:137,0
DA:157,5
DA:174,0
DA:176,0
DA:178,0
DA:195,0
DA:207,0
DA:209,0
DA:211,0
DA:239,0
DA:244,0
DA:246,0
DA:257,0
DA:258,0
DA:260,0
DA:262,0
DA:271,0
DA:279,0
DA:281,0
DA:314,1
LF:32
LH:5
BRDA:56,0,0,0
BRDA:56,0,1,0
BRDA:112,1,0,0
BRDA:176,2,0,0
BRDA:176,2,1,0
BRDA:209,3,0,0
BRDA:209,3,1,0
BRDA:260,4,0,0
BRDA:260,4,1,0
BRDA:281,5,0,0
BRDA:281,5,1,0
BRF:11
BRH:0
end_of_record
